# JRE version: Java(TM) SE Runtime Environment (8.0_181-b13) (build 1.8.0_181-b13)
# Java VM: Java HotSpot(TM) 64-Bit Server VM (25.181-b13 mixed mode linux-amd64 compressed oops)
Heap:
 PSYoungGen      total 174592K, used 10226K [0x00000000ee600000, 0x00000000f9a80000, 0x0000000100000000)
  eden space 164352K, 0% used [0x00000000ee600000,0x00000000ee600000,0x00000000f8680000)
  from space 10240K, 99% used [0x00000000f8680000,0x00000000f907cb20,0x00000000f9080000)
  to   space 8192K, 0% used [0x00000000f9100000,0x00000000f9100000,0x00000000f9900000)
 ParOldGen       total 27648K, used 17531K [0x00000000cb200000, 0x00000000ccd00000, 0x00000000ee600000)
  object space 27648K, 63% used [0x00000000cb200000,0x00000000cc31ed38,0x00000000ccd00000)
 Metaspace       used 32391K, capacity 34000K, committed 34176K, reserved 1079296K
  class space    used 4399K, capacity 4712K, committed 4736K, reserved 1048576K
GC Heap History (10 events):
Event: 7,920 GC heap after
Heap after GC invocations=7 (full 0):
 PSYoungGen      total 61952K, used 5110K [0x00000000ee600000, 0x00000000f6200000, 0x0000000100000000)
  eden space 56832K, 0% used [0x00000000ee600000,0x00000000ee600000,0x00000000f1d80000)
  from space 5120K, 99% used [0x00000000f1d80000,0x00000000f227d948,0x00000000f2280000)
  to   space 6656K, 0% used [0x00000000f5b80000,0x00000000f5b80000,0x00000000f6200000)
 ParOldGen       total 36864K, used 6620K [0x00000000cb200000, 0x00000000cd600000, 0x00000000ee600000)
  object space 36864K, 17% used [0x00000000cb200000,0x00000000cb8772b8,0x00000000cd600000)
 Metaspace       used 18167K, capacity 18700K, committed 18816K, reserved 1064960K
  class space    used 2457K, capacity 2631K, committed 2688K, reserved 1048576K
}
Event: 9,237 GC heap before
{Heap before GC invocations=8 (full 0):
 PSYoungGen      total 61952K, used 37107K [0x00000000ee600000, 0x00000000f6200000, 0x0000000100000000)
  eden space 56832K, 56% used [0x00000000ee600000,0x00000000f053f4c0,0x00000000f1d80000)
  from space 5120K, 99% used [0x00000000f1d80000,0x00000000f227d948,0x00000000f2280000)
  to   space 6656K, 0% used [0x00000000f5b80000,0x00000000f5b80000,0x00000000f6200000)
 ParOldGen       total 36864K, used 6620K [0x00000000cb200000, 0x00000000cd600000, 0x00000000ee600000)
  object space 36864K, 17% used [0x00000000cb200000,0x00000000cb8772b8,0x00000000cd600000)
 Metaspace       used 20518K, capacity 21072K, committed 21248K, reserved 1067008K
  class space    used 2761K, capacity 2955K, committed 3072K, reserved 1048576K
Event: 9,284 GC heap after
Heap after GC invocations=8 (full 0):
 PSYoungGen      total 119808K, used 5050K [0x00000000ee600000, 0x00000000f6300000, 0x0000000100000000)
  eden space 113152K, 0% used [0x00000000ee600000,0x00000000ee600000,0x00000000f5480000)
  from space 6656K, 75% used [0x00000000f5b80000,0x00000000f606e868,0x00000000f6200000)
  to   space 7168K, 0% used [0x00000000f5480000,0x00000000f5480000,0x00000000f5b80000)
 ParOldGen       total 36864K, used 6652K [0x00000000cb200000, 0x00000000cd600000, 0x00000000ee600000)
  object space 36864K, 18% used [0x00000000cb200000,0x00000000cb87f2b8,0x00000000cd600000)
 Metaspace       used 20518K, capacity 21072K, committed 21248K, reserved 1067008K
  class space    used 2761K, capacity 2955K, committed 3072K, reserved 1048576K
}
Event: 9,285 GC heap before
{Heap before GC invocations=9 (full 1):
 PSYoungGen      total 119808K, used 5050K [0x00000000ee600000, 0x00000000f6300000, 0x0000000100000000)
  eden space 113152K, 0% used [0x00000000ee600000,0x00000000ee600000,0x00000000f5480000)
  from space 6656K, 75% used [0x00000000f5b80000,0x00000000f606e868,0x00000000f6200000)
  to   space 7168K, 0% used [0x00000000f5480000,0x00000000f5480000,0x00000000f5b80000)
 ParOldGen       total 36864K, used 6652K [0x00000000cb200000, 0x00000000cd600000, 0x00000000ee600000)
  object space 36864K, 18% used [0x00000000cb200000,0x00000000cb87f2b8,0x00000000cd600000)
 Metaspace       used 20518K, capacity 21072K, committed 21248K, reserved 1067008K
  class space    used 2761K, capacity 2955K, committed 3072K, reserved 1048576K
Event: 9,431 GC heap after
Heap after GC invocations=9 (full 1):
 PSYoungGen      total 119808K, used 0K [0x00000000ee600000, 0x00000000f6300000, 0x0000000100000000)
  eden space 113152K, 0% used [0x00000000ee600000,0x00000000ee600000,0x00000000f5480000)
  from space 6656K, 0% used [0x00000000f5b80000,0x00000000f5b80000,0x00000000f6200000)
  to   space 7168K, 0% used [0x00000000f5480000,0x00000000f5480000,0x00000000f5b80000)
 ParOldGen       total 27648K, used 7771K [0x00000000cb200000, 0x00000000ccd00000, 0x00000000ee600000)
  object space 27648K, 28% used [0x00000000cb200000,0x00000000cb996db0,0x00000000ccd00000)
 Metaspace       used 20517K, capacity 21066K, committed 21248K, reserved 1067008K
  class space    used 2761K, capacity 2954K, committed 3072K, reserved 1048576K
}
Event: 13,063 GC heap before
{Heap before GC invocations=10 (full 1):
 PSYoungGen      total 119808K, used 113131K [0x00000000ee600000, 0x00000000f6300000, 0x0000000100000000)
  eden space 113152K, 99% used [0x00000000ee600000,0x00000000f547ac60,0x00000000f5480000)
  from space 6656K, 0% used [0x00000000f5b80000,0x00000000f5b80000,0x00000000f6200000)
  to   space 7168K, 0% used [0x00000000f5480000,0x00000000f5480000,0x00000000f5b80000)
 ParOldGen       total 27648K, used 7771K [0x00000000cb200000, 0x00000000ccd00000, 0x00000000ee600000)
  object space 27648K, 28% used [0x00000000cb200000,0x00000000cb996db0,0x00000000ccd00000)
 Metaspace       used 22991K, capacity 23692K, committed 23808K, reserved 1069056K
  class space    used 3091K, capacity 3272K, committed 3328K, reserved 1048576K
Event: 13,105 GC heap after
Heap after GC invocations=10 (full 1):
 PSYoungGen      total 120320K, used 7148K [0x00000000ee600000, 0x00000000f9900000, 0x0000000100000000)
  eden space 113152K, 0% used [0x00000000ee600000,0x00000000ee600000,0x00000000f5480000)
  from space 7168K, 99% used [0x00000000f5480000,0x00000000f5b7b188,0x00000000f5b80000)
  to   space 8192K, 0% used [0x00000000f9100000,0x00000000f9100000,0x00000000f9900000)
 ParOldGen       total 27648K, used 8657K [0x00000000cb200000, 0x00000000ccd00000, 0x00000000ee600000)
  object space 27648K, 31% used [0x00000000cb200000,0x00000000cba746a0,0x00000000ccd00000)
 Metaspace       used 22991K, capacity 23692K, committed 23808K, reserved 1069056K
  class space    used 3091K, capacity 3272K, committed 3328K, reserved 1048576K
}
Event: 17,377 GC heap before
{Heap before GC invocations=11 (full 1):
 PSYoungGen      total 120320K, used 120300K [0x00000000ee600000, 0x00000000f9900000, 0x0000000100000000)
  eden space 113152K, 100% used [0x00000000ee600000,0x00000000f5480000,0x00000000f5480000)
  from space 7168K, 99% used [0x00000000f5480000,0x00000000f5b7b188,0x00000000f5b80000)
  to   space 8192K, 0% used [0x00000000f9100000,0x00000000f9100000,0x00000000f9900000)
 ParOldGen       total 27648K, used 8657K [0x00000000cb200000, 0x00000000ccd00000, 0x00000000ee600000)
  object space 27648K, 31% used [0x00000000cb200000,0x00000000cba746a0,0x00000000ccd00000)
 Metaspace       used 26652K, capacity 27726K, committed 28032K, reserved 1073152K
  class space    used 3640K, capacity 3896K, committed 3968K, reserved 1048576K
Event: 17,452 GC heap after
Heap after GC invocations=11 (full 1):
 PSYoungGen      total 172544K, used 8191K [0x00000000ee600000, 0x00000000f9a80000, 0x0000000100000000)
  eden space 164352K, 0% used [0x00000000ee600000,0x00000000ee600000,0x00000000f8680000)
  from space 8192K, 99% used [0x00000000f9100000,0x00000000f98ffd30,0x00000000f9900000)
  to   space 10240K, 0% used [0x00000000f8680000,0x00000000f8680000,0x00000000f9080000)
 ParOldGen       total 27648K, used 10579K [0x00000000cb200000, 0x00000000ccd00000, 0x00000000ee600000)
  object space 27648K, 38% used [0x00000000cb200000,0x00000000cbc54d00,0x00000000ccd00000)
 Metaspace       used 26652K, capacity 27726K, committed 28032K, reserved 1073152K
  class space    used 3640K, capacity 3896K, committed 3968K, reserved 1048576K
}
Event: 22,409 GC heap before
{Heap before GC invocations=12 (full 1):
 PSYoungGen      total 172544K, used 172543K [0x00000000ee600000, 0x00000000f9a80000, 0x0000000100000000)
  eden space 164352K, 100% used [0x00000000ee600000,0x00000000f8680000,0x00000000f8680000)
  from space 8192K, 99% used [0x00000000f9100000,0x00000000f98ffd30,0x00000000f9900000)
  to   space 10240K, 0% used [0x00000000f8680000,0x00000000f8680000,0x00000000f9080000)
 ParOldGen       total 27648K, used 10579K [0x00000000cb200000, 0x00000000ccd00000, 0x00000000ee600000)
  object space 27648K, 38% used [0x00000000cb200000,0x00000000cbc54d00,0x00000000ccd00000)
 Metaspace       used 32391K, capacity 34000K, committed 34176K, reserved 1079296K
  class space    used 4399K, capacity 4712K, committed 4736K, reserved 1048576K

